2025-11-18 20:34:20,459 - ERROR - oauth_store - Session file corrupted, starting fresh.
2025-11-18 20:34:20,465 - ERROR - oauth_store - Session file corrupted, starting fresh.
2025-11-18 20:34:20,472 - INFO - backend - Backend starting up. Loaded sessions from disk.
2025-11-18 20:43:23,195 - INFO - oauth_store - Saved 0 sessions to disk
2025-11-18 20:43:23,196 - INFO - backend - Backend shutting down. Saved sessions to disk.
2025-11-18 20:45:04,396 - INFO - oauth_store - Loaded 0 sessions from disk
2025-11-18 20:45:04,407 - INFO - oauth_store - Loaded 0 sessions from disk
2025-11-18 20:45:04,423 - INFO - backend - Backend starting up. Loaded sessions from disk.
2025-11-18 20:54:18,754 - INFO - oauth_store - Saved 0 sessions to disk
2025-11-18 20:54:18,755 - INFO - backend - Backend shutting down. Saved sessions to disk.
2025-11-18 20:54:20,022 - INFO - oauth_store - Loaded 0 sessions from disk
2025-11-18 20:54:20,030 - INFO - oauth_store - Loaded 0 sessions from disk
2025-11-18 20:54:20,043 - INFO - backend - Backend starting up. Loaded sessions from disk.
2025-11-18 20:54:20,102 - INFO - oauth_store - Saved 0 sessions to disk
2025-11-18 20:54:20,103 - INFO - backend - Backend shutting down. Saved sessions to disk.
2025-11-18 20:54:20,895 - INFO - oauth_store - Loaded 0 sessions from disk
2025-11-18 20:54:20,897 - INFO - oauth_store - Loaded 0 sessions from disk
2025-11-18 20:54:20,903 - INFO - backend - Backend starting up. Loaded sessions from disk.
2025-11-18 20:54:20,944 - INFO - oauth_store - Saved 0 sessions to disk
2025-11-18 20:54:20,944 - INFO - backend - Backend shutting down. Saved sessions to disk.
2025-11-18 20:54:21,792 - INFO - oauth_store - Loaded 0 sessions from disk
2025-11-18 20:54:21,794 - INFO - oauth_store - Loaded 0 sessions from disk
2025-11-18 20:54:21,800 - INFO - backend - Backend starting up. Loaded sessions from disk.
2025-11-18 20:54:22,292 - INFO - oauth_store - Saved 0 sessions to disk
2025-11-18 20:54:22,293 - INFO - backend - Backend shutting down. Saved sessions to disk.
2025-11-18 20:54:23,075 - INFO - oauth_store - Loaded 0 sessions from disk
2025-11-18 20:54:23,078 - INFO - oauth_store - Loaded 0 sessions from disk
2025-11-18 20:54:23,083 - INFO - backend - Backend starting up. Loaded sessions from disk.
2025-11-18 20:54:25,743 - INFO - oauth_store - Saved 0 sessions to disk
2025-11-18 20:54:25,744 - INFO - backend - Backend shutting down. Saved sessions to disk.
2025-11-18 20:54:26,584 - INFO - oauth_store - Loaded 0 sessions from disk
2025-11-18 20:54:26,587 - INFO - oauth_store - Loaded 0 sessions from disk
2025-11-18 20:54:29,343 - INFO - oauth_store - Loaded 0 sessions from disk
2025-11-18 20:54:29,345 - INFO - oauth_store - Loaded 0 sessions from disk
2025-11-18 20:54:29,351 - INFO - backend - Backend starting up. Loaded sessions from disk.
2025-11-18 21:01:41,076 - INFO - oauth_store - Saved 0 sessions to disk
2025-11-18 21:01:41,077 - INFO - backend - Backend shutting down. Saved sessions to disk.
2025-11-18 21:01:42,211 - INFO - oauth_store - Loaded 0 sessions from disk
2025-11-18 21:01:42,213 - INFO - oauth_store - Loaded 0 sessions from disk
2025-11-18 21:01:42,219 - INFO - backend - Backend starting up. Loaded sessions from disk.
2025-11-18 21:01:44,022 - INFO - oauth_store - Saved 0 sessions to disk
2025-11-18 21:01:44,023 - INFO - backend - Backend shutting down. Saved sessions to disk.
2025-11-18 21:01:44,755 - INFO - oauth_store - Loaded 0 sessions from disk
2025-11-18 21:01:44,757 - INFO - oauth_store - Loaded 0 sessions from disk
2025-11-18 21:01:44,762 - INFO - backend - Backend starting up. Loaded sessions from disk.
2025-11-18 21:02:16,416 - INFO - oauth_store - Saved 0 sessions to disk
2025-11-18 21:02:16,417 - INFO - backend - Backend shutting down. Saved sessions to disk.
2025-11-18 21:02:17,209 - INFO - oauth_store - Loaded 0 sessions from disk
2025-11-18 21:02:17,221 - INFO - oauth_store - Loaded 0 sessions from disk
2025-11-18 21:02:17,228 - INFO - backend - Backend starting up. Loaded sessions from disk.
2025-11-18 21:02:17,286 - INFO - oauth_store - Saved 0 sessions to disk
2025-11-18 21:02:17,286 - INFO - backend - Backend shutting down. Saved sessions to disk.
2025-11-18 21:02:18,114 - INFO - oauth_store - Loaded 0 sessions from disk
2025-11-18 21:02:18,122 - INFO - oauth_store - Loaded 0 sessions from disk
2025-11-18 21:02:18,128 - INFO - backend - Backend starting up. Loaded sessions from disk.
2025-11-18 21:02:21,450 - INFO - oauth_store - Saved 0 sessions to disk
2025-11-18 21:02:21,451 - INFO - backend - Backend shutting down. Saved sessions to disk.
2025-11-18 21:02:22,347 - INFO - oauth_store - Loaded 0 sessions from disk
2025-11-18 21:02:22,356 - INFO - oauth_store - Loaded 0 sessions from disk
2025-11-18 21:02:22,362 - INFO - backend - Backend starting up. Loaded sessions from disk.
2025-11-18 21:02:22,947 - INFO - oauth_store - Saved 0 sessions to disk
2025-11-18 21:02:22,949 - INFO - backend - Backend shutting down. Saved sessions to disk.
2025-11-18 21:02:23,722 - INFO - oauth_store - Loaded 0 sessions from disk
2025-11-18 21:02:23,725 - INFO - oauth_store - Loaded 0 sessions from disk
2025-11-18 21:02:23,731 - INFO - backend - Backend starting up. Loaded sessions from disk.
2025-11-18 21:02:25,419 - INFO - oauth_store - Saved 0 sessions to disk
2025-11-18 21:02:25,420 - INFO - backend - Backend shutting down. Saved sessions to disk.
2025-11-18 21:02:26,248 - INFO - oauth_store - Loaded 0 sessions from disk
2025-11-18 21:02:26,251 - INFO - oauth_store - Loaded 0 sessions from disk
2025-11-18 21:02:26,259 - INFO - backend - Backend starting up. Loaded sessions from disk.
2025-11-18 21:02:35,886 - INFO - oauth_store - Saved 0 sessions to disk
2025-11-18 21:02:35,888 - INFO - backend - Backend shutting down. Saved sessions to disk.
2025-11-18 21:02:36,635 - INFO - oauth_store - Loaded 0 sessions from disk
2025-11-18 21:02:36,644 - INFO - oauth_store - Loaded 0 sessions from disk
2025-11-18 21:02:36,649 - INFO - backend - Backend starting up. Loaded sessions from disk.
2025-11-18 21:02:36,923 - INFO - oauth_store - Saved 0 sessions to disk
2025-11-18 21:02:36,923 - INFO - backend - Backend shutting down. Saved sessions to disk.
2025-11-18 21:02:37,708 - INFO - oauth_store - Loaded 0 sessions from disk
2025-11-18 21:02:37,712 - INFO - oauth_store - Loaded 0 sessions from disk
2025-11-18 21:02:37,717 - INFO - backend - Backend starting up. Loaded sessions from disk.
2025-11-18 21:02:54,107 - INFO - oauth_store - Saved 0 sessions to disk
2025-11-18 21:02:54,109 - INFO - backend - Backend shutting down. Saved sessions to disk.
2025-11-18 21:02:56,830 - INFO - oauth_store - Loaded 0 sessions from disk
2025-11-18 21:02:56,833 - INFO - oauth_store - Loaded 0 sessions from disk
2025-11-18 21:02:56,840 - INFO - backend - Backend starting up. Loaded sessions from disk.
2025-11-18 21:25:11,879 - INFO - oauth_store - Saved 0 sessions to disk
2025-11-18 21:25:11,880 - INFO - backend - Backend shutting down. Saved sessions to disk.
2025-11-18 21:25:13,140 - INFO - oauth_store - Loaded 0 sessions from disk
2025-11-18 21:25:13,186 - INFO - oauth_store - Loaded 0 sessions from disk
2025-11-18 21:25:13,193 - INFO - backend - Backend starting up. Loaded sessions from disk.
2025-11-18 21:25:13,244 - INFO - oauth_store - Saved 0 sessions to disk
2025-11-18 21:25:13,244 - INFO - backend - Backend shutting down. Saved sessions to disk.
2025-11-18 21:25:14,116 - INFO - oauth_store - Loaded 0 sessions from disk
2025-11-18 21:25:14,120 - INFO - oauth_store - Loaded 0 sessions from disk
2025-11-18 21:25:14,126 - INFO - backend - Backend starting up. Loaded sessions from disk.
2025-11-18 21:25:14,827 - INFO - oauth_store - Saved 0 sessions to disk
2025-11-18 21:25:14,829 - INFO - backend - Backend shutting down. Saved sessions to disk.
2025-11-18 21:25:15,657 - INFO - oauth_store - Loaded 0 sessions from disk
2025-11-18 21:25:15,680 - INFO - oauth_store - Loaded 0 sessions from disk
2025-11-18 21:25:15,686 - INFO - backend - Backend starting up. Loaded sessions from disk.
2025-11-18 21:25:20,734 - INFO - oauth_store - Saved 0 sessions to disk
2025-11-18 21:25:20,735 - INFO - backend - Backend shutting down. Saved sessions to disk.
2025-11-18 21:25:21,522 - INFO - oauth_store - Loaded 0 sessions from disk
2025-11-18 21:25:21,548 - INFO - oauth_store - Loaded 0 sessions from disk
2025-11-18 21:25:21,554 - INFO - backend - Backend starting up. Loaded sessions from disk.
2025-11-18 21:25:22,917 - INFO - oauth_store - Saved 0 sessions to disk
2025-11-18 21:25:22,918 - INFO - backend - Backend shutting down. Saved sessions to disk.
2025-11-18 21:25:23,821 - INFO - oauth_store - Loaded 0 sessions from disk
2025-11-18 21:25:23,846 - INFO - oauth_store - Loaded 0 sessions from disk
2025-11-18 21:25:23,852 - INFO - backend - Backend starting up. Loaded sessions from disk.
2025-11-18 21:25:24,877 - INFO - oauth_store - Saved 0 sessions to disk
2025-11-18 21:25:24,878 - INFO - backend - Backend shutting down. Saved sessions to disk.
2025-11-18 21:25:25,678 - INFO - oauth_store - Loaded 0 sessions from disk
2025-11-18 21:25:25,702 - INFO - oauth_store - Loaded 0 sessions from disk
2025-11-18 21:25:25,708 - INFO - backend - Backend starting up. Loaded sessions from disk.
2025-11-18 21:25:27,937 - INFO - oauth_store - Saved 0 sessions to disk
2025-11-18 21:25:27,938 - INFO - backend - Backend shutting down. Saved sessions to disk.
2025-11-18 21:25:28,711 - INFO - oauth_store - Loaded 0 sessions from disk
2025-11-18 21:25:28,735 - INFO - oauth_store - Loaded 0 sessions from disk
2025-11-18 21:25:28,741 - INFO - backend - Backend starting up. Loaded sessions from disk.
2025-11-18 21:25:40,216 - INFO - oauth_store - Saved 0 sessions to disk
2025-11-18 21:25:40,217 - INFO - backend - Backend shutting down. Saved sessions to disk.
2025-11-18 21:25:41,042 - INFO - oauth_store - Loaded 0 sessions from disk
2025-11-18 21:25:41,045 - INFO - oauth_store - Loaded 0 sessions from disk
2025-11-18 21:25:41,052 - INFO - backend - Backend starting up. Loaded sessions from disk.
2025-11-18 21:26:14,360 - INFO - oauth_store - Saved 0 sessions to disk
2025-11-18 21:26:14,361 - INFO - backend - Backend shutting down. Saved sessions to disk.
2025-11-18 21:26:15,306 - INFO - oauth_store - Loaded 0 sessions from disk
2025-11-18 21:26:15,309 - INFO - oauth_store - Loaded 0 sessions from disk
2025-11-18 21:26:15,316 - INFO - backend - Backend starting up. Loaded sessions from disk.
2025-11-18 21:26:15,361 - INFO - oauth_store - Saved 0 sessions to disk
2025-11-18 21:26:15,362 - INFO - backend - Backend shutting down. Saved sessions to disk.
2025-11-18 21:26:16,101 - INFO - oauth_store - Loaded 0 sessions from disk
2025-11-18 21:26:16,104 - INFO - oauth_store - Loaded 0 sessions from disk
2025-11-18 21:26:16,110 - INFO - backend - Backend starting up. Loaded sessions from disk.
2025-11-18 21:26:32,367 - INFO - oauth_store - Saved 0 sessions to disk
2025-11-18 21:26:32,368 - INFO - backend - Backend shutting down. Saved sessions to disk.
2025-11-18 21:26:33,166 - INFO - oauth_store - Loaded 0 sessions from disk
2025-11-18 21:26:33,170 - INFO - oauth_store - Loaded 0 sessions from disk
2025-11-18 21:26:33,177 - INFO - backend - Backend starting up. Loaded sessions from disk.
2025-11-18 21:26:34,433 - INFO - oauth_store - Saved 0 sessions to disk
2025-11-18 21:26:34,434 - INFO - backend - Backend shutting down. Saved sessions to disk.
2025-11-18 21:26:40,380 - INFO - oauth_store - Loaded 0 sessions from disk
2025-11-18 21:26:40,383 - INFO - oauth_store - Loaded 0 sessions from disk
2025-11-18 21:26:40,391 - INFO - backend - Backend starting up. Loaded sessions from disk.
2025-11-18 21:26:41,306 - INFO - oauth_store - Saved 0 sessions to disk
2025-11-18 21:26:41,307 - INFO - backend - Backend shutting down. Saved sessions to disk.
2025-11-18 21:26:42,108 - INFO - oauth_store - Loaded 0 sessions from disk
2025-11-18 21:26:42,111 - INFO - oauth_store - Loaded 0 sessions from disk
2025-11-18 21:26:42,117 - INFO - backend - Backend starting up. Loaded sessions from disk.
2025-11-18 21:26:49,242 - INFO - oauth_store - Saved 0 sessions to disk
2025-11-18 21:26:49,243 - INFO - backend - Backend shutting down. Saved sessions to disk.
2025-11-18 21:26:50,040 - INFO - oauth_store - Loaded 0 sessions from disk
2025-11-18 21:26:50,044 - INFO - oauth_store - Loaded 0 sessions from disk
2025-11-18 21:26:50,050 - INFO - backend - Backend starting up. Loaded sessions from disk.
